[15:50:35] #1 | Session #1 | Motor ?? | ?? | 0208410001014852000103DE00
[15:50:38] #2 | Session #2 | Motor ?? | ?? | 0208410001014851000103DD00
[15:50:42] #3 | Session #3 | Motor ?? | ?? | 021641000104695D003075695E0030754853000048540000035404
[15:50:51] #4 | Session #4 | Motor ?? | ?? | 02084100010148010001038D00
[15:50:54] #5 | Session #5 | Motor ?? | ?? | 02084100010148020001038E00
[15:50:56] #6 | Session #6 | Motor ?? | ?? | 021641000104690D003075690E0030754803000048040000031403
[15:51:00] #7 | Session #7 | Motor ?? | ?? | 02084100010148110001039D00
[15:51:04] #8 | Session #8 | Motor ?? | ?? | 02084100010148120001039E00
[15:51:07] #9 | Session #9 | Motor ?? | ?? | 021641000104691D003075691E0030754813000048140000035403
[15:51:15] #10 | Session #10 | Motor ?? | ?? | 0208410001014821000103AD00
[15:51:18] #11 | Session #11 | Motor ?? | ?? | 0208410001014822000103AE00
[15:51:22] #12 | Session #12 | Motor ?? | ?? | 021641000104692D003075692E0030754823000048240000039403
[15:51:27] #13 | Session #13 | Motor ?? | ?? | 0208410001014831000103BD00
[15:51:31] #14 | Session #14 | Motor ?? | ?? | 0208410001014832000103BE00
[15:51:33] #15 | Session #15 | Motor ?? | ?? | 021641000104693D003075693E003075483300004834000003D403
[15:51:37] #16 | Session #16 | Motor ?? | ?? | 0208410001014841000103CD00
[15:51:40] #17 | Session #17 | Motor ?? | ?? | 0208410001014842000103CE00
[15:51:42] #18 | Session #18 | Motor ?? | ?? | 021641000104694D003075694E0030754843000048440000031404
[15:57:53] #19 | Session #19 | Motor ?? | ?? | 021641000104694D003075694E0030754843000048440000031404
[15:58:06] #20 | Session #20 | Motor ?? | ?? | 021641000104695D003075695E0030754853000048540000035404
[16:02:45] #21 | Session #21 | Motor 5.375 | STOP | 02434100001548030048040048130048140048230048240048330048340048430048440048530048540069060069160069260069360069460069560048100048200048300003820A
[16:03:51] #22 | Session #22 | Motor ?? | ?? | 021641000104695D003075695E0030754853000048540000035404
[16:03:58] #23 | Session #23 | Motor 5.375 | STOP | 02434100001548030048040048130048140048230048240048330048340048430048440048530048540069060069160069260069360069460069560048100048200048300003820A
[16:04:12] #24 | Session #24 | Motor 5.375 | STOP | 02434100001548030048040048130048140048230048240048330048340048430048440048530048540069060069160069260069360069460069560048100048200048300003820A
[16:04:20] #25 | Session #25 | Motor 5.375 | STOP | 02434100001548030048040048130048140048230048240048330048340048430048440048530048540069060069160069260069360069460069560048100048200048300003820A
[16:04:35] #26 | Session #26 | Motor 5.375 | STOP | 02434100001548030048040048130048140048230048240048330048340048430048440048530048540069060069160069260069360069460069560048100048200048300003820A
[16:04:50] #27 | Session #27 | Motor ?? | ?? | 021641000104695D003075695E0030754853000048540000035404
[16:08:43] #28 | Session #28 | Motor 5.375 | ?? | 021C4100010648510001480100014811000148210001483100014841000103F402
[16:09:00] #29 | Session #29 | Motor 5.375 | ?? | 021C4100010648520001480200014812000148220001483200014842000103FA02
[16:09:03] #30 | Session #30 | Motor ?? | ?? | 027041000118695D003075695E0030754853000048540000690D003075690E0030754803000048040000691D003075691E0030754813000048140000692D003075692E0030754823000048240000693D003075693E0030754833000048340000694D003075694E003075484300004844000003EE14
[16:18:37] #31 | Session #31 | Motor 5.375 | STOP | 02434100001548030048040048130048140048230048240048330048340048430048440048530048540069060069160069260069360069460069560048100048200048300003820A
[16:20:45] #32 | Session #32 | Motor ?? | ?? | 02134100000569510069520069530069540069550003F203
[16:26:37] #33 | Session #33 | Motor ?? | ?? | 02134100000569510069520069530069540069550003F203
[16:27:36] #34 | Session #34 | Motor ?? | ?? | 021341000005692100692200692300692400692500030203
[17:09:53] #35 | Session #35 | Motor 5.375 | STOP | 02434100001548030048040048130048140048230048240048330048340048430048440048530048540069060069160069260069360069460069560048100048200048300003820A
[17:10:12] #36 | Session #36 | Motor 5.375 | STOP | 02434100001548030048040048130048140048230048240048330048340048430048440048530048540069060069160069260069360069460069560048100048200048300003820A
[17:10:21] #37 | Session #37 | Motor 5.375 | STOP | 02434100001548030048040048130048140048230048240048330048340048430048440048530048540069060069160069260069360069460069560048100048200048300003820A
[17:10:30] #38 | Session #38 | Motor 5.375 | STOP | 02434100001548030048040048130048140048230048240048330048340048430048440048530048540069060069160069260069360069460069560048100048200048300003820A
[17:15:43] #39 | Session #39 | Motor 5.375 | STOP | 02434100001548030048040048130048140048230048240048330048340048430048440048530048540069060069160069260069360069460069560048100048200048300003820A
[17:16:36] #40 | Session #40 | Motor 5.375 | STOP | 02434100001548030048040048130048140048230048240048330048340048430048440048530048540069060069160069260069360069460069560048100048200048300003820A
[17:16:46] #41 | Session #41 | Motor 5.375 | STOP | 02434100001548030048040048130048140048230048240048330048340048430048440048530048540069060069160069260069360069460069560048100048200048300003820A
[18:29:01] #1 | Format: einfach | Motor: 5 | ?? | 0208410001014852000103DE00
[18:29:03] #2 | Format: komplex (App) | Motor: ?? | ?? | 021641000104695D003075695E0030754853000048540000035404
[18:29:09] #3 | Format: unbekannt | Motor: ?? | ?? | 020741000001695600030101
[18:29:10] #4 | Format: unbekannt | Motor: ?? | ?? | 021041000004696100696200696300696400037303
[18:29:13] #5 | Format: komplex (App) | Motor: ?? | ?? | 02434100001548030048040048130048140048230048240048330048340048430048440048530048540069060069160069260069360069460069560048100048200048300003820A
[18:30:18] #6 | Format: komplex (App) | Motor: ?? | ?? | 02434100001548030048040048130048140048230048240048330048340048430048440048530048540069060069160069260069360069460069560048100048200048300003820A
[18:36:31] #7 | Format: unbekannt | Motor: ?? | ?? | 020741000001695600030101
[18:36:32] #8 | Format: unbekannt | Motor: ?? | ?? | 021041000004696100696200696300696400037303
[18:36:42] #9 | Format: komplex (App) | Motor: ?? | ?? | 02434100001548030048040048130048140048230048240048330048340048430048440048530048540069060069160069260069360069460069560048100048200048300003820A
[19:24:44] #1 | Format: komplex (App) | Motor: ?? | ?? | 02434100001548030048040048130048140048230048240048330048340048430048440048530048540069060069160069260069360069460069560048100048200048300003820A
[19:24:53] #2 | Format: einfach | Motor: 5 | ?? | 0208410001014852000103DE00
[19:24:57] #3 | Format: komplex (App) | Motor: ?? | ?? | 021641000104695D003075695E0030754853000048540000035404
[19:25:07] #4 | Format: einfach | Motor: 5 | ?? | 0208410001014852000103DE00
[19:25:16] #5 | Format: einfach | Motor: 5 | ?? | 0208410001014852000103DE00
[19:25:16] #6 | Format: unbekannt | Motor: ?? | ?? | 020941000101695F000000030B01
[19:25:36] #7 | Format: komplex (App) | Motor: ?? | ?? | 02434100001548030048040048130048140048230048240048330048340048430048440048530048540069060069160069260069360069460069560048100048200048300003820A
[19:31:11] #8 | Format: komplex (App) | Motor: ?? | ?? | 02434100001548030048040048130048140048230048240048330048340048430048440048530048540069060069160069260069360069460069560048100048200048300003820A
[19:44:06] #9 | Format: einfach | Motor: 5 | ?? | 0208410001014852000103DE00
[19:44:07] #10 | Format: unbekannt | Motor: ?? | ?? | 020941000101695F000000030B01
[19:44:10] #11 | Format: einfach | Motor: 5 | ?? | 0208410001014852000103DE00
[19:44:10] #12 | Format: unbekannt | Motor: ?? | ?? | 020941000101695F000000030B01
[19:44:11] #13 | Format: einfach | Motor: 5 | ?? | 0208410001014852000103DE00
[19:44:12] #14 | Format: unbekannt | Motor: ?? | ?? | 020941000101695F000000030B01
[19:44:17] #15 | Format: einfach | Motor: 5 | ?? | 0208410001014852000103DE00
[19:44:17] #16 | Format: unbekannt | Motor: ?? | ?? | 020941000101695F000000030B01
[19:48:22] #17 | Format: einfach | Motor: 5 | ?? | 0208410001014852000103DE00
[19:48:23] #18 | Format: unbekannt | Motor: ?? | ?? | 020941000101695F000000030B01
[19:48:44] #19 | Format: einfach | Motor: 5 | ?? | 0208410001014852000103DE00
[19:48:52] #20 | Format: unbekannt | Motor: ?? | ?? | 020941000101695F000000030B01
[19:49:29] #21 | Format: einfach | Motor: 5 | ?? | 0208410001014851000103DD00
[19:49:32] #22 | Format: einfach | Motor: 5 | ?? | 0208410001014852000103DE00
[19:49:32] #23 | Format: unbekannt | Motor: ?? | ?? | 020941000101695F000000030B01
[19:49:46] #24 | Format: komplex (App) | Motor: ?? | ?? | 021641000104695D003075695E0030754853000048540000035404
[19:49:48] #25 | Format: einfach | Motor: 5 | ?? | 0208410001014851000103DD00
[19:49:51] #26 | Format: komplex (App) | Motor: ?? | ?? | 021641000104695D003075695E0030754853000048540000035404
[19:49:53] #27 | Format: einfach | Motor: 5 | ?? | 0208410001014852000103DE00
[19:49:53] #28 | Format: unbekannt | Motor: ?? | ?? | 020941000101695F000000030B01
[19:49:57] #29 | Format: komplex (App) | Motor: ?? | ?? | 021641000104695D003075695E0030754853000048540000035404
[19:50:02] #30 | Format: einfach | Motor: 5 | ?? | 0208410001014852000103DE00
[19:50:02] #31 | Format: unbekannt | Motor: ?? | ?? | 020941000101695F000000030B01
[19:50:05] #32 | Format: komplex (App) | Motor: ?? | ?? | 021641000104695D003075695E0030754853000048540000035404
[19:50:13] #33 | Format: einfach | Motor: 5 | ?? | 0208410001014852000103DE00
[19:50:13] #34 | Format: unbekannt | Motor: ?? | ?? | 020941000101695F000000030B01
[19:50:15] #35 | Format: komplex (App) | Motor: ?? | ?? | 021641000104695D003075695E0030754853000048540000035404
[19:50:19] #36 | Format: einfach | Motor: 5 | ?? | 0208410001014852000103DE00
[19:50:19] #37 | Format: unbekannt | Motor: ?? | ?? | 020941000101695F000000030B01
[19:50:21] #38 | Format: komplex (App) | Motor: ?? | ?? | 021641000104695D003075695E0030754853000048540000035404
[19:50:28] #39 | Format: einfach | Motor: 5 | ?? | 0208410001014852000103DE00
[19:50:28] #40 | Format: unbekannt | Motor: ?? | ?? | 020941000101695F000000030B01
[19:50:30] #41 | Format: einfach | Motor: 5 | ?? | 0208410001014852000103DE00
[19:50:31] #42 | Format: unbekannt | Motor: ?? | ?? | 020941000101695F000000030B01
[19:50:33] #43 | Format: komplex (App) | Motor: ?? | ?? | 021641000104695D003075695E0030754853000048540000035404
[19:50:37] #44 | Format: einfach | Motor: 5 | ?? | 0208410001014852000103DE00
[19:50:37] #45 | Format: unbekannt | Motor: ?? | ?? | 020941000101695F000000030B01
[19:54:40] #46 | Format: einfach | Motor: 5 | ?? | 0208410001014852000103DE00
[19:54:40] #47 | Format: unbekannt | Motor: ?? | ?? | 020941000101695F000000030B01
[19:54:47] #48 | Format: einfach | Motor: 5 | ?? | 0208410001014852000103DE00
[19:54:47] #49 | Format: unbekannt | Motor: ?? | ?? | 020941000101695F000000030B01
[19:54:51] #50 | Format: einfach | Motor: 5 | ?? | 0208410001014852000103DE00
[19:54:51] #51 | Format: unbekannt | Motor: ?? | ?? | 020941000101695F000000030B01
[19:54:53] #52 | Format: einfach | Motor: 5 | ?? | 0208410001014852000103DE00
[19:54:53] #53 | Format: unbekannt | Motor: ?? | ?? | 020941000101695F000000030B01
[19:54:54] #54 | Format: komplex (App) | Motor: ?? | ?? | 021641000104695D003075695E0030754853000048540000035404
[19:55:01] #55 | Format: komplex (App) | Motor: ?? | ?? | 021641000104695D003075695E0030754853000048540000035404
[19:55:06] #56 | Format: einfach | Motor: 5 | ?? | 0208410001014852000103DE00
[19:55:06] #57 | Format: unbekannt | Motor: ?? | ?? | 020941000101695F000000030B01
[19:55:14] #58 | Format: komplex (App) | Motor: ?? | ?? | 021641000104695D003075695E0030754853000048540000035404
[19:55:25] #59 | Format: einfach | Motor: 5 | ?? | 0208410001014852000103DE00
[19:55:25] #60 | Format: unbekannt | Motor: ?? | ?? | 020941000101695F000000030B01
[19:56:18] #61 | Format: komplex (App) | Motor: ?? | ?? | 02434100001548030048040048130048140048230048240048330048340048430048440048530048540069060069160069260069360069460069560048100048200048300003820A
[19:56:25] #62 | Format: komplex (App) | Motor: ?? | ?? | 021641000104695D003075695E0030754853000048540000035404
[19:56:28] #63 | Format: einfach | Motor: 5 | ?? | 0208410001014852000103DE00
[19:56:28] #64 | Format: unbekannt | Motor: ?? | ?? | 020941000101695F000000030B01
[20:01:13] #65 | Format: komplex (App) | Motor: ?? | ?? | 021641000104695D003075695E0030754853000048540000035404
[10:13:32] #1 | Format: komplex (App) | Motor: ?? | ?? | 02434100001548030048040048130048140048230048240048330048340048430048440048530048540069060069160069260069360069460069560048100048200048300003820A
[10:30:45] #2 | Format: einfach | Motor: 5 | ?? | 0208410001014852000103DE00
[10:30:45] #3 | Format: unbekannt | Motor: ?? | ?? | 020941000101695F000000030B01
[10:30:48] #4 | Format: einfach | Motor: 5 | ?? | 0208410001014852000103DE00
[10:30:49] #5 | Format: unbekannt | Motor: ?? | ?? | 020941000101695F000000030B01
[10:30:53] #6 | Format: komplex (App) | Motor: ?? | ?? | 021641000104695D003075695E0030754853000048540000035404
[10:30:57] #7 | Format: komplex (App) | Motor: ?? | ?? | 021641000104695D003075695E0030754853000048540000035404
[10:31:02] #8 | Format: einfach | Motor: 5 | ?? | 0208410001014852000103DE00
[10:31:05] #9 | Format: komplex (App) | Motor: ?? | ?? | 021641000104695D003075695E0030754853000048540000035404
[10:31:08] #10 | Format: einfach | Motor: 5 | ?? | 0208410001014852000103DE00
[10:31:08] #11 | Format: unbekannt | Motor: ?? | ?? | 020941000101695F000000030B01
[10:31:12] #12 | Format: komplex (App) | Motor: ?? | ?? | 021641000104695D003075695E0030754853000048540000035404
[10:31:20] #13 | Format: komplex (App) | Motor: ?? | ?? | 021641000104695D003075695E0030754853000048540000035404
[10:31:23] #14 | Format: einfach | Motor: 5 | ?? | 0208410001014852000103DE00
[10:31:25] #15 | Format: komplex (App) | Motor: ?? | ?? | 021641000104695D003075695E0030754853000048540000035404
[10:31:29] #16 | Format: komplex (App) | Motor: ?? | ?? | 021641000104695D003075695E0030754853000048540000035404
[10:31:32] #17 | Format: komplex (App) | Motor: ?? | ?? | 021641000104695D003075695E0030754853000048540000035404
[10:31:36] #18 | Format: einfach | Motor: 5 | ?? | 0208410001014852000103DE00
[10:31:36] #19 | Format: unbekannt | Motor: ?? | ?? | 020941000101695F000000030B01
[10:31:38] #20 | Format: komplex (App) | Motor: ?? | ?? | 021641000104695D003075695E0030754853000048540000035404
[10:31:50] #21 | Format: einfach | Motor: 5 | ?? | 0208410001014852000103DE00
[10:31:53] #22 | Format: komplex (App) | Motor: ?? | ?? | 021641000104695D003075695E0030754853000048540000035404
[10:31:59] #23 | Format: komplex (App) | Motor: ?? | ?? | 021641000104695D003075695E0030754853000048540000035404
[10:32:02] #24 | Format: komplex (App) | Motor: ?? | ?? | 021641000104695D003075695E0030754853000048540000035404
[10:32:06] #25 | Format: einfach | Motor: 5 | ?? | 0208410001014852000103DE00
[10:32:08] #26 | Format: komplex (App) | Motor: ?? | ?? | 021641000104695D003075695E0030754853000048540000035404
[10:32:11] #27 | Format: komplex (App) | Motor: ?? | ?? | 021641000104695D003075695E0030754853000048540000035404
[10:32:12] #28 | Format: einfach | Motor: 5 | ?? | 0208410001014852000103DE00
[10:32:13] #29 | Format: unbekannt | Motor: ?? | ?? | 020941000101695F000000030B01
[10:32:14] #30 | Format: einfach | Motor: 5 | ?? | 0208410001014852000103DE00
[10:32:14] #31 | Format: unbekannt | Motor: ?? | ?? | 020941000101695F000000030B01
[10:32:15] #32 | Format: komplex (App) | Motor: ?? | ?? | 021641000104695D003075695E0030754853000048540000035404
[10:32:19] #33 | Format: einfach | Motor: 5 | ?? | 0208410001014852000103DE00
[10:32:21] #34 | Format: komplex (App) | Motor: ?? | ?? | 021641000104695D003075695E0030754853000048540000035404
[10:32:35] #35 | Format: einfach | Motor: 5 | ?? | 0208410001014852000103DE00
[10:32:38] #36 | Format: komplex (App) | Motor: ?? | ?? | 021641000104695D003075695E0030754853000048540000035404
[10:32:40] #37 | Format: einfach | Motor: 5 | ?? | 0208410001014851000103DD00
[10:32:41] #38 | Format: komplex (App) | Motor: ?? | ?? | 021641000104695D003075695E0030754853000048540000035404
[10:38:19] #39 | Format: komplex (App) | Motor: ?? | ?? | 02434100001548030048040048130048140048230048240048330048340048430048440048530048540069060069160069260069360069460069560048100048200048300003820A
[10:38:23] #40 | Format: komplex (App) | Motor: ?? | ?? | 021641000104695D003075695E0030754853000048540000035404
[10:38:26] #41 | Format: einfach | Motor: 5 | ?? | 0208410001014852000103DE00
[10:38:26] #42 | Format: unbekannt | Motor: ?? | ?? | 020941000101695F000000030B01
[10:38:29] #43 | Format: komplex (App) | Motor: ?? | ?? | 021641000104695D003075695E0030754853000048540000035404
